WASX7357I: By request, this scripting client is not connected to any server process. Certain configuration and application operations will be available in local mode.
WASX7303I: The following options are passed to the scripting environment and are available as arguments that are stored in the argv variable: "[-WAuJ]"
----------------------------------------------------------------------
com.ibm.websphere.baseProductMajorVersion : 6.1
com.ibm.websphere.baseProductMinorVersion : 0.0
     com.ibm.websphere.baseProductVersion : 6.1.0.0
    com.ibm.websphere.nodeOperatingSystem : 
                              description : The APACHE Web Server Template
                        isDefaultTemplate : false
                         isSystemTemplate : true
                                     name : APACHE
----------------------------------------------------------------------
com.ibm.websphere.baseProductMajorVersion : 6
com.ibm.websphere.baseProductMinorVersion : 0.0
     com.ibm.websphere.baseProductVersion : 6.0.0
    com.ibm.websphere.nodeOperatingSystem : 
                              description : The APACHE Web Server Template
                        isDefaultTemplate : false
                         isSystemTemplate : true
                                     name : APACHE_60X
----------------------------------------------------------------------
com.ibm.websphere.baseProductMajorVersion : 6.1
com.ibm.websphere.baseProductMinorVersion : 0.0
     com.ibm.websphere.baseProductVersion : 6.1.0.0
    com.ibm.websphere.nodeOperatingSystem : 
                              description : The Domino Web Server Template
                        isDefaultTemplate : false
                         isSystemTemplate : true
                                     name : DOMINO
----------------------------------------------------------------------
com.ibm.websphere.baseProductMajorVersion : 6
com.ibm.websphere.baseProductMinorVersion : 0.0
     com.ibm.websphere.baseProductVersion : 6.0.0
    com.ibm.websphere.nodeOperatingSystem : 
                              description : The Domino Web Server Template
                        isDefaultTemplate : false
                         isSystemTemplate : true
                                     name : DOMINO_60X
----------------------------------------------------------------------
com.ibm.websphere.baseProductMajorVersion : 6.1
     com.ibm.websphere.baseProductVersion : 6.1.0.0
      com.ibm.websphere.deployed.features : com.ibm.ws.base_6.0.0.0,com.ibm.ws.express_6.0.0.0,com.ibm.ws.j2ee_6.0.0.0,com.ibm.ws.uddi_6.0.0.0,com.ibm.ws.wsgateway_6.0.0.0
    com.ibm.websphere.nodeOperatingSystem : 
                              description : This template is optimized to perform well for development uses.
                        isDefaultTemplate : false
                         isSystemTemplate : true
                                     name : DeveloperServer
----------------------------------------------------------------------
com.ibm.websphere.baseProductMajorVersion : 6.1
com.ibm.websphere.baseProductMinorVersion : 0.0
     com.ibm.websphere.baseProductVersion : 6.1.0.0
    com.ibm.websphere.nodeOperatingSystem : os390
                              description : The IHS OS390 Web Server Template
                        isDefaultTemplate : true
                         isSystemTemplate : true
                                     name : HTTPSERVERZOS
----------------------------------------------------------------------
com.ibm.websphere.baseProductMajorVersion : 6.1
com.ibm.websphere.baseProductMinorVersion : 0.0
     com.ibm.websphere.baseProductVersion : 6.1.0.0
    com.ibm.websphere.nodeOperatingSystem : 
                              description : The IHS Web Server Template
                        isDefaultTemplate : true
                         isSystemTemplate : true
                                     name : IHS
----------------------------------------------------------------------
com.ibm.websphere.baseProductMajorVersion : 6.1
com.ibm.websphere.baseProductMinorVersion : 0.0
     com.ibm.websphere.baseProductVersion : 6.1.0.0
    com.ibm.websphere.nodeOperatingSystem : os390
                              description : The IHS OS390 Web Server Template
                        isDefaultTemplate : false
                         isSystemTemplate : true
                                     name : IHSZOS
----------------------------------------------------------------------
com.ibm.websphere.baseProductMajorVersion : 6
com.ibm.websphere.baseProductMinorVersion : 0.0
     com.ibm.websphere.baseProductVersion : 6.0.0
    com.ibm.websphere.nodeOperatingSystem : os390
                              description : The IHS OS390 Web Server Template
                        isDefaultTemplate : true
                         isSystemTemplate : true
                                     name : IHSZOS_60X
----------------------------------------------------------------------
com.ibm.websphere.baseProductMajorVersion : 6
com.ibm.websphere.baseProductMinorVersion : 0.0
     com.ibm.websphere.baseProductVersion : 6.0.0
    com.ibm.websphere.nodeOperatingSystem : 
                              description : The IHS Web Server Template
                        isDefaultTemplate : true
                         isSystemTemplate : true
                                     name : IHS_60X
----------------------------------------------------------------------
com.ibm.websphere.baseProductMajorVersion : 6.1
com.ibm.websphere.baseProductMinorVersion : 0.0
     com.ibm.websphere.baseProductVersion : 6.1.0.0
    com.ibm.websphere.nodeOperatingSystem : 
                              description : The IIS Web Server Template
                        isDefaultTemplate : false
                         isSystemTemplate : true
                                     name : IIS
----------------------------------------------------------------------
com.ibm.websphere.baseProductMajorVersion : 6
com.ibm.websphere.baseProductMinorVersion : 0.0
     com.ibm.websphere.baseProductVersion : 6.0.0
    com.ibm.websphere.nodeOperatingSystem : 
                              description : The IIS Web Server Template
                        isDefaultTemplate : false
                         isSystemTemplate : true
                                     name : IIS_60X
----------------------------------------------------------------------
com.ibm.websphere.baseProductMajorVersion : 6.1
com.ibm.websphere.baseProductMinorVersion : 0.0
     com.ibm.websphere.baseProductVersion : 6.1.0.0
    com.ibm.websphere.nodeOperatingSystem : 
                              description : The SUN JAVA SYSTEM Web Server Template
                        isDefaultTemplate : false
                         isSystemTemplate : true
                                     name : SUNJAVASYSTEM
----------------------------------------------------------------------
com.ibm.websphere.baseProductMajorVersion : 6
com.ibm.websphere.baseProductMinorVersion : 0.0
     com.ibm.websphere.baseProductVersion : 6.0.0
    com.ibm.websphere.nodeOperatingSystem : 
                              description : The SUN JAVA SYSTEM Web Server Template
                        isDefaultTemplate : false
                         isSystemTemplate : true
                                     name : SUNJAVASYSTEM_60X
----------------------------------------------------------------------
com.ibm.websphere.baseProductMajorVersion : 6.1
com.ibm.websphere.baseProductMinorVersion : 0.0
     com.ibm.websphere.baseProductVersion : 6.1.0.0
    com.ibm.websphere.nodeOperatingSystem : 
                              description : The WebSphere Default Server Template
                        isDefaultTemplate : true
                         isSystemTemplate : true
                                     name : default
----------------------------------------------------------------------
com.ibm.websphere.baseProductMajorVersion : 6.1
com.ibm.websphere.baseProductMinorVersion : 0.0
     com.ibm.websphere.baseProductVersion : 6.1.0.0
    com.ibm.websphere.nodeOperatingSystem : 
                              description : The WebSphere Default Generic Server Template
                        isDefaultTemplate : true
                         isSystemTemplate : true
                                     name : default
----------------------------------------------------------------------
com.ibm.websphere.baseProductMajorVersion : 6.1
com.ibm.websphere.baseProductMinorVersion : 0.0.0
     com.ibm.websphere.baseProductVersion : 6.1.0.0
    com.ibm.websphere.nodeOperatingSystem : os390
                              description : The WebSphere Default Server Template for z/OS
                        isDefaultTemplate : true
                         isSystemTemplate : true
                                     name : defaultZOS
----------------------------------------------------------------------
com.ibm.websphere.baseProductMajorVersion : 6.1
com.ibm.websphere.baseProductMinorVersion : 0.0
     com.ibm.websphere.baseProductVersion : 6.1.0.0
    com.ibm.websphere.nodeOperatingSystem : os390
                              description : The WebSphere Default Generic Server Template for z/OS
                        isDefaultTemplate : true
                         isSystemTemplate : true
                                     name : defaultZOS
----------------------------------------------------------------------
com.ibm.websphere.baseProductMajorVersion : 6
com.ibm.websphere.baseProductMinorVersion : 0.0
     com.ibm.websphere.baseProductVersion : 6.0.0.0
    com.ibm.websphere.nodeOperatingSystem : os390
                              description : The WebSphere Default Generic Server Template for z/OS
                        isDefaultTemplate : true
                         isSystemTemplate : true
                                     name : defaultZOS_60X
----------------------------------------------------------------------
com.ibm.websphere.baseProductMajorVersion : 6
com.ibm.websphere.baseProductMinorVersion : 0.0
     com.ibm.websphere.baseProductVersion : 6.0.0.0
    com.ibm.websphere.nodeOperatingSystem : 
                              description : The WebSphere Default Generic Server Template
                        isDefaultTemplate : true
                         isSystemTemplate : true
                                     name : default_60X
----------------------------------------------------------------------
com.ibm.websphere.baseProductMajorVersion : 6.1
com.ibm.websphere.baseProductMinorVersion : 0.0
     com.ibm.websphere.baseProductVersion : 6.1.0.0
    com.ibm.websphere.nodeOperatingSystem : 
                              description : The WebSphere Default Proxy Server Template
                        isDefaultTemplate : true
                         isSystemTemplate : true
                                     name : http_sip_proxy_server
----------------------------------------------------------------------
com.ibm.websphere.baseProductMajorVersion : 6.1
com.ibm.websphere.baseProductMinorVersion : 0.0.0
     com.ibm.websphere.baseProductVersion : 6.1.0.0
    com.ibm.websphere.nodeOperatingSystem : os390
                              description : The WebSphere Default Proxy Server Template for z/OS
                        isDefaultTemplate : true
                         isSystemTemplate : true
                                     name : http_sip_proxy_server_zos
----------------------------------------------------------------------
com.ibm.websphere.baseProductMajorVersion : 6.1
com.ibm.websphere.baseProductMinorVersion : 0.0
     com.ibm.websphere.baseProductVersion : 6.1.0.0
    com.ibm.websphere.nodeOperatingSystem : 
                              description : The WebSphere Default Proxy Server Template
                        isDefaultTemplate : false
                         isSystemTemplate : true
                                     name : proxy_server
----------------------------------------------------------------------
com.ibm.websphere.baseProductMajorVersion : 6
com.ibm.websphere.baseProductMinorVersion : 0.0
     com.ibm.websphere.baseProductVersion : 6.0.0
    com.ibm.websphere.nodeOperatingSystem : 
                              description : The WebSphere Default Proxy Server Template for 60X nodes
                        isDefaultTemplate : true
                         isSystemTemplate : true
                                     name : proxy_server_60X
----------------------------------------------------------------------
com.ibm.websphere.baseProductMajorVersion : 6.1
com.ibm.websphere.baseProductMinorVersion : 0.0.0
     com.ibm.websphere.baseProductVersion : 6.1.0.0
    com.ibm.websphere.nodeOperatingSystem : os390
                              description : The WebSphere Default Proxy Server Template for z/OS
                        isDefaultTemplate : false
                         isSystemTemplate : true
                                     name : proxy_server_zos
----------------------------------------------------------------------
com.ibm.websphere.baseProductMajorVersion : 6
com.ibm.websphere.baseProductMinorVersion : 0.0
     com.ibm.websphere.baseProductVersion : 6.0.0
    com.ibm.websphere.nodeOperatingSystem : os390
                              description : The WebSphere Default Proxy Server Template for z/OS 60X nodes
                        isDefaultTemplate : true
                         isSystemTemplate : true
                                     name : proxy_server_zos_60X
----------------------------------------------------------------------
com.ibm.websphere.baseProductMajorVersion : 6.1
com.ibm.websphere.baseProductMinorVersion : 0.0
     com.ibm.websphere.baseProductVersion : 6.1.0.0
    com.ibm.websphere.nodeOperatingSystem : 
                              description : The WebSphere Default Proxy Server Template
                        isDefaultTemplate : false
                         isSystemTemplate : true
                                     name : sip_proxy_server
----------------------------------------------------------------------
com.ibm.websphere.baseProductMajorVersion : 6.1
com.ibm.websphere.baseProductMinorVersion : 0.0.0
     com.ibm.websphere.baseProductVersion : 6.1.0.0
    com.ibm.websphere.nodeOperatingSystem : os390
                              description : The WebSphere Default Proxy Server Template for z/OS
                        isDefaultTemplate : false
                         isSystemTemplate : true
                                     name : sip_proxy_server_zos
----------------------------------------------------------------------
