WASX7209I: Connected to process "server1" on node ragibsonNode00 using SOAP connector;  The type of process is: UnManagedProcess
WASX7303I: The following options are passed to the scripting environment and are available as arguments that are stored in the argv variable: "[-WAuJ]"

--------------------------------------------------
Valid Parents
--------------------------------------------------

Agent : ['Server']
ApplicationServer : ['Server']
AuthorizationGroup : ['Cell']
AuthorizationTableExt : ['AuthorizationGroup', 'Cell']
CMPConnectorFactory : ['J2CResourceAdapter']
CORBAObjectNameSpaceBinding : ['Cell', 'Node', 'Server', 'ServerCluster']
CacheInstance : ['CacheProvider']
CacheProvider : ['Cell', 'Node', 'Server', 'ServerCluster']
Cell : []
CellManager : ['Server']
CoreGroup : ['Cell']
CoreGroupBridgeSettings : ['Cell']
DataReplicationDomain : ['Cell']
DataSource : ['JDBCProvider']
DataStoreProfile : ['EventInfrastructureProvider']
DeployedObjectProxyConfig : ['Deployment']
EjbNameSpaceBinding : ['Cell', 'Node', 'Server', 'ServerCluster']
EmitterFactoryProfile : ['EventInfrastructureProvider']
EventBusTransmissionProfile : ['EventInfrastructureProvider']
EventGroupProfileList : ['EventInfrastructureProvider']
EventInfrastructureProvider : ['Cell', 'Node', 'Server']
EventInfrastructureService : ['Server']
EventServerProfile : ['EventInfrastructureProvider']
ExternallyManagedHTTPServer : ['Server']
FilterFactoryProfile : ['EventInfrastructureProvider']
GenericJMSConnectionFactory : ['JMSProvider']
GenericJMSDestination : ['JMSProvider']
GenericServerCluster : ['Cell', 'ServerCluster']
HAManagerService : ['Server']
IndirectLookupNameSpaceBinding : ['Cell', 'Node', 'Server', 'ServerCluster']
J2CActivationSpec : ['J2CResourceAdapter']
J2CAdminObject : ['J2CResourceAdapter']
J2CConnectionFactory : ['J2CResourceAdapter']
J2CResourceAdapter : ['Cell', 'Deployment', 'Node', 'Server']
JAXRPCHandler : ['Cell']
JAXRPCHandlerList : ['Cell']
JDBCProvider : ['Cell', 'Deployment', 'Node', 'Server']
JMSProvider : ['Cell', 'Deployment', 'Node', 'Server']
JMSServer : ['Server']
JMSTransmissionProfile : ['EventInfrastructureProvider']
Library : ['Cell', 'Node', 'Server', 'ServerCluster']
MQConnectionFactory : ['JMSProvider']
MQQueue : ['JMSProvider']
MQQueueConnectionFactory : ['JMSProvider']
MQTopic : ['JMSProvider']
MQTopicConnectionFactory : ['JMSProvider']
MailProvider : ['Cell', 'Deployment', 'Node', 'Server']
MailSession : ['MailProvider']
MultibrokerDomain : ['Cell']
NameServer : ['Server']
NamingContext : ['Cell', 'Node']
Node : ['Cell']
NodeAgent : ['Server']
NodeGroup : ['Cell']
ObjectCacheInstance : ['CacheProvider']
ObjectPoolManagerInfo : ['ObjectPoolProvider']
ObjectPoolProvider : ['Cell', 'Node', 'Server']
OnDemandRouter : ['Server']
PME502ServerExtension : ['Server']
PME51ServerExtension : ['Server']
PMEServerExtension : ['Server']
PMIModule : ['Server']
PMIRequestMetrics : ['Cell']
Proxy : ['Server']
ProxyServer : ['Server']
ProxySettings : ['Server', 'ServerCluster']
RemoteCellOverrides : ['Cell', 'ServerCluster']
ResourceEnvEntry : ['CacheProvider', 'EventInfrastructureProvider', 'ObjectPoolProvider', 'ResourceEnvironmentProvider', 'SchedulerProvider', 'TimerManagerProvider', 'WorkManagerProvider']
ResourceEnvironmentProvider : ['Cell', 'Deployment', 'Node', 'Server']
SIBAuthSpace : ['SIBus']
SIBDestinationAlias : ['SIBus']
SIBDestinationForeign : ['SIBus']
SIBDestinationMediation : ['SIBus']
SIBMQServer : ['Cell']
SIBMQServerBusMember : ['SIBus']
SIBMessagingEngine : ['Server', 'ServerCluster']
SIBPort : ['SIBus']
SIBQueue : ['SIBus']
SIBService : ['Server']
SIBTopicSpace : ['SIBus']
SIBWSEndpointListener : ['Server', 'ServerCluster']
SIBWSInboundService : ['SIBus']
SIBWSOutboundService : ['SIBus']
SIBWebService : ['SIBus']
SIBus : ['Cell']
SIPProxySettings : ['Server', 'ServerCluster']
SchedulerConfiguration : ['SchedulerProvider']
SchedulerProvider : ['Cell', 'Node', 'Server']
Security : ['Cell', 'Server']
SecurityServer : ['Server']
Server : ['Node', 'ServerCluster']
ServerCluster : ['Cell']
ServerIndex : ['Node']
ServletCacheInstance : ['CacheProvider']
StringNameSpaceBinding : ['Cell', 'Node', 'Server', 'ServerCluster']
SystemMessageServer : ['Server']
TimerManagerInfo : ['TimerManagerProvider']
TimerManagerProvider : ['Cell', 'Node', 'Server']
UDDIReference : ['Cell']
URIGroup : ['Cell', 'ServerCluster']
URL : ['URLProvider']
URLProvider : ['Cell', 'Deployment', 'Node', 'Server']
VariableMap : ['Cell', 'Deployment', 'Node', 'Server', 'ServerCluster']
VirtualHost : ['Cell', 'Node']
WAS40DataSource : ['JDBCProvider']
WASQueue : ['JMSProvider']
WASQueueConnectionFactory : ['JMSProvider']
WASTopic : ['JMSProvider']
WASTopicConnectionFactory : ['JMSProvider']
WSGWInstance : ['SIBus']
WSNService : ['SIBus']
WebServer : ['Server']
WorkManagerInfo : ['WorkManagerProvider']
WorkManagerProvider : ['Cell', 'Node', 'Server']
WorkloadManagementServer : ['Server']

--------------------------------------------------
Valid children
--------------------------------------------------

AuthorizationGroup : ['AuthorizationTableExt']
CacheProvider : ['CacheInstance', 'ObjectCacheInstance', 'ResourceEnvEntry', 'ServletCacheInstance']
Cell : ['AuthorizationGroup', 'AuthorizationTableExt', 'CORBAObjectNameSpaceBinding', 'CacheProvider', 'CoreGroup', 'CoreGroupBridgeSettings', 'DataReplicationDomain', 'EjbNameSpaceBinding', 'EventInfrastructureProvider', 'GenericServerCluster', 'IndirectLookupNameSpaceBinding', 'J2CResourceAdapter', 'JAXRPCHandler', 'JAXRPCHandlerList', 'JDBCProvider', 'JMSProvider', 'Library', 'MailProvider', 'MultibrokerDomain', 'NamingContext', 'Node', 'NodeGroup', 'ObjectPoolProvider', 'PMIRequestMetrics', 'RemoteCellOverrides', 'ResourceEnvironmentProvider', 'SIBMQServer', 'SIBus', 'SchedulerProvider', 'Security', 'ServerCluster', 'StringNameSpaceBinding', 'TimerManagerProvider', 'UDDIReference', 'URIGroup', 'URLProvider', 'VariableMap', 'VirtualHost', 'WorkManagerProvider']
Deployment : ['DeployedObjectProxyConfig', 'J2CResourceAdapter', 'JDBCProvider', 'JMSProvider', 'MailProvider', 'ResourceEnvironmentProvider', 'URLProvider', 'VariableMap']
EventInfrastructureProvider : ['DataStoreProfile', 'EmitterFactoryProfile', 'EventBusTransmissionProfile', 'EventGroupProfileList', 'EventServerProfile', 'FilterFactoryProfile', 'JMSTransmissionProfile', 'ResourceEnvEntry']
J2CResourceAdapter : ['CMPConnectorFactory', 'J2CActivationSpec', 'J2CAdminObject', 'J2CConnectionFactory']
JDBCProvider : ['DataSource', 'WAS40DataSource']
JMSProvider : ['GenericJMSConnectionFactory', 'GenericJMSDestination', 'MQConnectionFactory', 'MQQueue', 'MQQueueConnectionFactory', 'MQTopic', 'MQTopicConnectionFactory', 'WASQueue', 'WASQueueConnectionFactory', 'WASTopic', 'WASTopicConnectionFactory']
MailProvider : ['MailSession']
Node : ['CORBAObjectNameSpaceBinding', 'CacheProvider', 'EjbNameSpaceBinding', 'EventInfrastructureProvider', 'IndirectLookupNameSpaceBinding', 'J2CResourceAdapter', 'JDBCProvider', 'JMSProvider', 'Library', 'MailProvider', 'NamingContext', 'ObjectPoolProvider', 'ResourceEnvironmentProvider', 'SchedulerProvider', 'Server', 'ServerIndex', 'StringNameSpaceBinding', 'TimerManagerProvider', 'URLProvider', 'VariableMap', 'VirtualHost', 'WorkManagerProvider']
ObjectPoolProvider : ['ObjectPoolManagerInfo', 'ResourceEnvEntry']
ResourceEnvironmentProvider : ['ResourceEnvEntry']
SIBus : ['SIBAuthSpace', 'SIBDestinationAlias', 'SIBDestinationForeign', 'SIBDestinationMediation', 'SIBMQServerBusMember', 'SIBPort', 'SIBQueue', 'SIBTopicSpace', 'SIBWSInboundService', 'SIBWSOutboundService', 'SIBWebService', 'WSGWInstance', 'WSNService']
SchedulerProvider : ['ResourceEnvEntry', 'SchedulerConfiguration']
Server : ['Agent', 'ApplicationServer', 'CORBAObjectNameSpaceBinding', 'CacheProvider', 'CellManager', 'EjbNameSpaceBinding', 'EventInfrastructureProvider', 'EventInfrastructureService', 'ExternallyManagedHTTPServer', 'HAManagerService', 'IndirectLookupNameSpaceBinding', 'J2CResourceAdapter', 'JDBCProvider', 'JMSProvider', 'JMSServer', 'Library', 'MailProvider', 'NameServer', 'NodeAgent', 'ObjectPoolProvider', 'OnDemandRouter', 'PME502ServerExtension', 'PME51ServerExtension', 'PMEServerExtension', 'PMIModule', 'Proxy', 'ProxyServer', 'ProxySettings', 'ResourceEnvironmentProvider', 'SIBMessagingEngine', 'SIBService', 'SIBWSEndpointListener', 'SIPProxySettings', 'SchedulerProvider', 'Security', 'SecurityServer', 'StringNameSpaceBinding', 'SystemMessageServer', 'TimerManagerProvider', 'URLProvider', 'VariableMap', 'WebServer', 'WorkManagerProvider', 'WorkloadManagementServer']
ServerCluster : ['CORBAObjectNameSpaceBinding', 'CacheProvider', 'EjbNameSpaceBinding', 'GenericServerCluster', 'IndirectLookupNameSpaceBinding', 'Library', 'ProxySettings', 'RemoteCellOverrides', 'SIBMessagingEngine', 'SIBWSEndpointListener', 'SIPProxySettings', 'Server', 'StringNameSpaceBinding', 'URIGroup', 'VariableMap']
TimerManagerProvider : ['ResourceEnvEntry', 'TimerManagerInfo']
URLProvider : ['URL']
WorkManagerProvider : ['ResourceEnvEntry', 'WorkManagerInfo']
